app/build/outputs/logs/manifest-merger-debug-report.txt
-- Merging decision tree log ---
manifest
ADDED from src/main/AndroidManifest.xml:2:1-34:12
INJECTED from src/main/AndroidManifest.xml:2:1-34:12
INJECTED from src/main/AndroidManifest.xml:2:1-34:12
INJECTED from src/main/AndroidManifest.xml:2:1-34:12
MERGED from [:mdragvideo] AndroidManifest.xml:2:1-34:12
MERGED from [com.android.support:design:27.1.1] AndroidManifest.xml:17:1-22:12
MERGED from [com.android.support:appcompat-v7:27.1.1] AndroidManifest.xml:17:1-22:12
MERGED from [com.android.support:cardview-v7:27.1.1] AndroidManifest.xml:17:1-22:12
MERGED from [com.android.support:support-v4:27.1.1] AndroidManifest.xml:17:1-22:12
MERGED from [com.android.support:support-fragment:27.1.1] AndroidManifest.xml:17:1-22:12
MERGED from [com.android.support:animated-vector-drawable:27.1.1] AndroidManifest.xml:17:1-22:12
MERGED from [com.android.support:recyclerview-v7:27.1.1] AndroidManifest.xml:17:1-22:12
MERGED from [com.android.support:support-core-ui:27.1.1] AndroidManifest.xml:17:1-22:12
MERGED from [com.android.support:support-core-utils:27.1.1] AndroidManifest.xml:17:1-22:12
MERGED from [com.android.support:support-vector-drawable:27.1.1] AndroidManifest.xml:17:1-22:12
MERGED from [com.android.support:transition:27.1.1] AndroidManifest.xml:17:1-22:12
MERGED from [com.android.support:support-media-compat:27.1.1] AndroidManifest.xml:17:1-22:12
MERGED from [com.android.support:support-compat:27.1.1] AndroidManifest.xml:17:1-22:12
MERGED from [tv.danmaku.ijk.media:ijkplayer-exo:0.8.8] AndroidManifest.xml:2:1-15:12
MERGED from [tv.danmaku.ijk.media:ijkplayer-java:0.8.8] AndroidManifest.xml:2:1-9:12
MERGED from [tv.danmaku.ijk.media:ijkplayer-armv7a:0.8.8] AndroidManifest.xml:2:1-9:12
MERGED from [tv.danmaku.ijk.media:ijkplayer-armv5:0.8.8] AndroidManifest.xml:2:1-9:12
MERGED from [tv.danmaku.ijk.media:ijkplayer-x86:0.8.8] AndroidManifest.xml:2:1-9:12
MERGED from [android.arch.lifecycle:livedata-core:1.1.0] AndroidManifest.xml:17:1-22:12
MERGED from [android.arch.lifecycle:viewmodel:1.1.0] AndroidManifest.xml:17:1-22:12
MERGED from [com.google.android.exoplayer:exoplayer:r1.5.11] AndroidManifest.xml:17:1-28:12
MERGED from [android.arch.lifecycle:runtime:1.1.0] AndroidManifest.xml:17:1-22:12
MERGED from [android.arch.core:runtime:1.1.0] AndroidManifest.xml:17:1-22:12
INJECTED from src/main/AndroidManifest.xml:2:1-34:12
INJECTED from src/main/AndroidManifest.xml:2:1-34:12
INJECTED from src/main/AndroidManifest.xml:2:1-34:12
	package
		ADDED from src/main/AndroidManifest.xml:3:11-57
		INJECTED from src/main/AndroidManifest.xml
		INJECTED from src/main/AndroidManifest.xml
	android:versionName
		INJECTED from src/main/AndroidManifest.xml
		ADDED from src/main/AndroidManifest.xml:2:1-34:12
		INJECTED from src/main/AndroidManifest.xml
	android:versionCode
		INJECTED from src/main/AndroidManifest.xml
		ADDED from src/main/AndroidManifest.xml:2:1-34:12
		INJECTED from src/main/AndroidManifest.xml
	xmlns:android
		ADDED from src/main/AndroidManifest.xml:2:11-69
uses-permission#android.permission.RECEIVE_USER_PRESENT
ADDED from src/main/AndroidManifest.xml:5:5-79
MERGED from [:mdragvideo] AndroidManifest.xml:13:5-79
MERGED from [:mdragvideo] AndroidManifest.xml:13:5-79
	android:name
		ADDED from src/main/AndroidManifest.xml:5:22-76
uses-permission#android.permission.INTERNET
ADDED from src/main/AndroidManifest.xml:6:5-67
MERGED from [:mdragvideo] AndroidManifest.xml:14:5-67
MERGED from [:mdragvideo] AndroidManifest.xml:14:5-67
	android:name
		ADDED from src/main/AndroidManifest.xml:6:22-64
uses-permission#android.permission.WAKE_LOCK
ADDED from src/main/AndroidManifest.xml:7:5-68
MERGED from [:mdragvideo] AndroidManifest.xml:15:5-68
MERGED from [:mdragvideo] AndroidManifest.xml:15:5-68
	android:name
		ADDED from src/main/AndroidManifest.xml:7:22-65
uses-permission#android.permission.READ_PHONE_STATE
ADDED from src/main/AndroidManifest.xml:8:5-75
MERGED from [:mdragvideo] AndroidManifest.xml:16:5-75
MERGED from [:mdragvideo] AndroidManifest.xml:16:5-75
	android:name
		ADDED from src/main/AndroidManifest.xml:8:22-72
uses-permission#android.permission.WRITE_EXTERNAL_STORAGE
ADDED from src/main/AndroidManifest.xml:9:5-81
MERGED from [:mdragvideo] AndroidManifest.xml:11:5-81
MERGED from [:mdragvideo] AndroidManifest.xml:11:5-81
MERGED from [:mdragvideo] AndroidManifest.xml:17:5-81
MERGED from [:mdragvideo] AndroidManifest.xml:17:5-81
	android:name
		ADDED from src/main/AndroidManifest.xml:9:22-78
uses-permission#android.permission.READ_EXTERNAL_STORAGE
ADDED from src/main/AndroidManifest.xml:10:5-80
MERGED from [:mdragvideo] AndroidManifest.xml:18:5-80
MERGED from [:mdragvideo] AndroidManifest.xml:18:5-80
	android:name
		ADDED from src/main/AndroidManifest.xml:10:22-77
uses-permission#android.permission.WRITE_SETTINGS
ADDED from src/main/AndroidManifest.xml:11:5-73
MERGED from [:mdragvideo] AndroidManifest.xml:19:5-73
MERGED from [:mdragvideo] AndroidManifest.xml:19:5-73
	android:name
		ADDED from src/main/AndroidManifest.xml:11:22-70
uses-permission#android.permission.VIBRATE
ADDED from src/main/AndroidManifest.xml:12:5-66
MERGED from [:mdragvideo] AndroidManifest.xml:20:5-66
MERGED from [:mdragvideo] AndroidManifest.xml:20:5-66
	android:name
		ADDED from src/main/AndroidManifest.xml:12:22-63
uses-permission#android.permission.MOUNT_UNMOUNT_FILESYSTEMS
ADDED from src/main/AndroidManifest.xml:13:5-84
MERGED from [:mdragvideo] AndroidManifest.xml:12:5-84
MERGED from [:mdragvideo] AndroidManifest.xml:12:5-84
MERGED from [:mdragvideo] AndroidManifest.xml:21:5-84
MERGED from [:mdragvideo] AndroidManifest.xml:21:5-84
	android:name
		ADDED from src/main/AndroidManifest.xml:13:22-81
uses-permission#android.permission.ACCESS_NETWORK_STATE
ADDED from src/main/AndroidManifest.xml:14:5-79
MERGED from [:mdragvideo] AndroidManifest.xml:22:5-79
MERGED from [:mdragvideo] AndroidManifest.xml:22:5-79
	android:name
		ADDED from src/main/AndroidManifest.xml:14:22-76
uses-permission#android.permission.ACCESS_WIFI_STATE
ADDED from src/main/AndroidManifest.xml:15:5-76
MERGED from [:mdragvideo] AndroidManifest.xml:23:5-76
MERGED from [:mdragvideo] AndroidManifest.xml:23:5-76
	android:name
		ADDED from src/main/AndroidManifest.xml:15:22-73
application
ADDED from src/main/AndroidManifest.xml:17:5-32:19
MERGED from [:mdragvideo] AndroidManifest.xml:25:5-32:19
MERGED from [:mdragvideo] AndroidManifest.xml:25:5-32:19
MERGED from [tv.danmaku.ijk.media:ijkplayer-exo:0.8.8] AndroidManifest.xml:9:5-13:19
MERGED from [tv.danmaku.ijk.media:ijkplayer-exo:0.8.8] AndroidManifest.xml:9:5-13:19
	android:supportsRtl
		ADDED from src/main/AndroidManifest.xml:21:9-35
	android:label
		ADDED from src/main/AndroidManifest.xml:20:9-41
	android:icon
		ADDED from src/main/AndroidManifest.xml:19:9-43
	android:allowBackup
		ADDED from src/main/AndroidManifest.xml:18:9-35
	android:theme
		ADDED from src/main/AndroidManifest.xml:22:9-40
activity#com.miaoyongjun.administrator.mvideo.MainActivity
ADDED from src/main/AndroidManifest.xml:23:9-29:20
	android:name
		ADDED from src/main/AndroidManifest.xml:23:19-47
intent-filter#action:name:android.intent.action.MAIN+category:name:android.intent.category.LAUNCHER
ADDED from src/main/AndroidManifest.xml:24:13-28:29
action#android.intent.action.MAIN
ADDED from src/main/AndroidManifest.xml:25:17-68
	android:name
		ADDED from src/main/AndroidManifest.xml:25:25-66
category#android.intent.category.LAUNCHER
ADDED from src/main/AndroidManifest.xml:27:17-76
	android:name
		ADDED from src/main/AndroidManifest.xml:27:27-74
activity#com.miaoyongjun.mdragvideo.DragVideoActivity
ADDED from src/main/AndroidManifest.xml:30:9-80
MERGED from [:mdragvideo] AndroidManifest.xml:29:9-31:50
MERGED from [:mdragvideo] AndroidManifest.xml:29:9-31:50
	android:theme
		ADDED from [:mdragvideo] AndroidManifest.xml:31:13-47
	android:name
		ADDED from src/main/AndroidManifest.xml:30:19-78
activity#com.miaoyongjun.administrator.mvideo.DisplayActivity
ADDED from src/main/AndroidManifest.xml:31:9-52
	android:name
		ADDED from src/main/AndroidManifest.xml:31:19-50
uses-sdk
INJECTED from src/main/AndroidManifest.xml reason: use-sdk injection requested
INJECTED from src/main/AndroidManifest.xml
INJECTED from src/main/AndroidManifest.xml
MERGED from [:mdragvideo] AndroidManifest.xml:7:5-9:41
MERGED from [:mdragvideo] AndroidManifest.xml:7:5-9:41
MERGED from [com.android.support:design:27.1.1] AndroidManifest.xml:20:5-44
MERGED from [com.android.support:design:27.1.1] AndroidManifest.xml:20:5-44
MERGED from [com.android.support:appcompat-v7:27.1.1] AndroidManifest.xml:20:5-44
MERGED from [com.android.support:appcompat-v7:27.1.1] AndroidManifest.xml:20:5-44
MERGED from [com.android.support:cardview-v7:27.1.1] AndroidManifest.xml:20:5-44
MERGED from [com.android.support:cardview-v7:27.1.1] AndroidManifest.xml:20:5-44
MERGED from [com.android.support:support-v4:27.1.1] AndroidManifest.xml:20:5-44
MERGED from [com.android.support:support-v4:27.1.1] AndroidManifest.xml:20:5-44
MERGED from [com.android.support:support-fragment:27.1.1] AndroidManifest.xml:20:5-44
MERGED from [com.android.support:support-fragment:27.1.1] AndroidManifest.xml:20:5-44
MERGED from [com.android.support:animated-vector-drawable:27.1.1] AndroidManifest.xml:20:5-44
MERGED from [com.android.support:animated-vector-drawable:27.1.1] AndroidManifest.xml:20:5-44
MERGED from [com.android.support:recyclerview-v7:27.1.1] AndroidManifest.xml:20:5-44
MERGED from [com.android.support:recyclerview-v7:27.1.1] AndroidManifest.xml:20:5-44
MERGED from [com.android.support:support-core-ui:27.1.1] AndroidManifest.xml:20:5-44
MERGED from [com.android.support:support-core-ui:27.1.1] AndroidManifest.xml:20:5-44
MERGED from [com.android.support:support-core-utils:27.1.1] AndroidManifest.xml:20:5-44
MERGED from [com.android.support:support-core-utils:27.1.1] AndroidManifest.xml:20:5-44
MERGED from [com.android.support:support-vector-drawable:27.1.1] AndroidManifest.xml:20:5-44
MERGED from [com.android.support:support-vector-drawable:27.1.1] AndroidManifest.xml:20:5-44
MERGED from [com.android.support:transition:27.1.1] AndroidManifest.xml:20:5-44
MERGED from [com.android.support:transition:27.1.1] AndroidManifest.xml:20:5-44
MERGED from [com.android.support:support-media-compat:27.1.1] AndroidManifest.xml:20:5-44
MERGED from [com.android.support:support-media-compat:27.1.1] AndroidManifest.xml:20:5-44
MERGED from [com.android.support:support-compat:27.1.1] AndroidManifest.xml:20:5-44
MERGED from [com.android.support:support-compat:27.1.1] AndroidManifest.xml:20:5-44
MERGED from [tv.danmaku.ijk.media:ijkplayer-exo:0.8.8] AndroidManifest.xml:5:5-7:41
MERGED from [tv.danmaku.ijk.media:ijkplayer-exo:0.8.8] AndroidManifest.xml:5:5-7:41
MERGED from [tv.danmaku.ijk.media:ijkplayer-java:0.8.8] AndroidManifest.xml:5:5-7:41
MERGED from [tv.danmaku.ijk.media:ijkplayer-java:0.8.8] AndroidManifest.xml:5:5-7:41
MERGED from [tv.danmaku.ijk.media:ijkplayer-armv7a:0.8.8] AndroidManifest.xml:5:5-7:41
MERGED from [tv.danmaku.ijk.media:ijkplayer-armv7a:0.8.8] AndroidManifest.xml:5:5-7:41
MERGED from [tv.danmaku.ijk.media:ijkplayer-armv5:0.8.8] AndroidManifest.xml:5:5-7:41
MERGED from [tv.danmaku.ijk.media:ijkplayer-armv5:0.8.8] AndroidManifest.xml:5:5-7:41
MERGED from [tv.danmaku.ijk.media:ijkplayer-x86:0.8.8] AndroidManifest.xml:5:5-7:41
MERGED from [tv.danmaku.ijk.media:ijkplayer-x86:0.8.8] AndroidManifest.xml:5:5-7:41
MERGED from [android.arch.lifecycle:livedata-core:1.1.0] AndroidManifest.xml:20:5-44
MERGED from [android.arch.lifecycle:livedata-core:1.1.0] AndroidManifest.xml:20:5-44
MERGED from [android.arch.lifecycle:viewmodel:1.1.0] AndroidManifest.xml:20:5-44
MERGED from [android.arch.lifecycle:viewmodel:1.1.0] AndroidManifest.xml:20:5-44
MERGED from [com.google.android.exoplayer:exoplayer:r1.5.11] AndroidManifest.xml:24:5-26:41
MERGED from [com.google.android.exoplayer:exoplayer:r1.5.11] AndroidManifest.xml:24:5-26:41
MERGED from [android.arch.lifecycle:runtime:1.1.0] AndroidManifest.xml:20:5-44
MERGED from [android.arch.lifecycle:runtime:1.1.0] AndroidManifest.xml:20:5-44
MERGED from [android.arch.core:runtime:1.1.0] AndroidManifest.xml:20:5-44
MERGED from [android.arch.core:runtime:1.1.0] AndroidManifest.xml:20:5-44
INJECTED from src/main/AndroidManifest.xml
INJECTED from src/main/AndroidManifest.xml
	android:targetSdkVersion
		INJECTED from src/main/AndroidManifest.xml
		ADDED from src/main/AndroidManifest.xml
		INJECTED from src/main/AndroidManifest.xml
	android:minSdkVersion
		INJECTED from src/main/AndroidManifest.xml
		ADDED from src/main/AndroidManifest.xml
		INJECTED from src/main/AndroidManifest.xml